  [1m[35m (0.7ms)[0m  [1m[34mSELECT "schema_migrations"."version" FROM "schema_migrations" ORDER BY "schema_migrations"."version" ASC[0m
  [1m[35m (0.3ms)[0m  [1m[34mSELECT "ar_internal_metadata"."value" FROM "ar_internal_metadata" WHERE "ar_internal_metadata"."key" = $1[0m  [["key", "environment"]]
  [1m[35m (0.2ms)[0m  [1m[34mSELECT "schema_migrations"."version" FROM "schema_migrations" ORDER BY "schema_migrations"."version" ASC[0m
  [1m[35m (0.2ms)[0m  [1m[34mSELECT "ar_internal_metadata"."value" FROM "ar_internal_metadata" WHERE "ar_internal_metadata"."key" = $1[0m  [["key", "environment"]]
  [1m[35m (0.2ms)[0m  [1m[34mSELECT "schema_migrations"."version" FROM "schema_migrations" ORDER BY "schema_migrations"."version" ASC[0m
  [1m[35m (0.2ms)[0m  [1m[34mSELECT "ar_internal_metadata"."value" FROM "ar_internal_metadata" WHERE "ar_internal_metadata"."key" = $1[0m  [["key", "environment"]]
  [1m[35mSQL (0.3ms)[0m  [1m[35mCREATE EXTENSION IF NOT EXISTS "plpgsql"[0m
  [1m[35m (70.4ms)[0m  [1m[35mDROP TABLE IF EXISTS "articles" CASCADE[0m
  [1m[35m (6.9ms)[0m  [1m[35mCREATE TABLE "articles" ("id" bigserial primary key, "title" character varying, "body" text, "created_at" timestamp NOT NULL, "updated_at" timestamp NOT NULL)[0m
  [1m[35m (3.6ms)[0m  [1m[35mDROP TABLE IF EXISTS "authors" CASCADE[0m
  [1m[35m (7.3ms)[0m  [1m[35mCREATE TABLE "authors" ("id" bigserial primary key, "name" character varying, "email" character varying DEFAULT '' NOT NULL, "encrypted_password" character varying DEFAULT '' NOT NULL, "reset_password_token" character varying, "reset_password_sent_at" timestamp, "remember_created_at" timestamp, "sign_in_count" integer DEFAULT 0 NOT NULL, "current_sign_in_at" timestamp, "last_sign_in_at" timestamp, "current_sign_in_ip" character varying, "last_sign_in_ip" character varying, "created_at" timestamp NOT NULL, "updated_at" timestamp NOT NULL, "bio" text)[0m
  [1m[35m (1.4ms)[0m  [1m[35mCREATE UNIQUE INDEX  "index_authors_on_email" ON "authors"  ("email")[0m
  [1m[35m (1.3ms)[0m  [1m[35mCREATE UNIQUE INDEX  "index_authors_on_reset_password_token" ON "authors"  ("reset_password_token")[0m
  [1m[35m (2.6ms)[0m  [1m[35mDROP TABLE IF EXISTS "categories" CASCADE[0m
  [1m[35m (18.3ms)[0m  [1m[35mCREATE TABLE "categories" ("id" bigserial primary key, "name" character varying, "created_at" timestamp NOT NULL, "updated_at" timestamp NOT NULL)[0m
  [1m[35m (2.4ms)[0m  [1m[35mDROP TABLE IF EXISTS "ckeditor_assets" CASCADE[0m
  [1m[35m (4.2ms)[0m  [1m[35mCREATE TABLE "ckeditor_assets" ("id" bigserial primary key, "data_file_name" character varying NOT NULL, "data_content_type" character varying, "data_file_size" integer, "data_fingerprint" character varying, "type" character varying(30), "width" integer, "height" integer, "created_at" timestamp NOT NULL, "updated_at" timestamp NOT NULL)[0m
  [1m[35m (1.3ms)[0m  [1m[35mCREATE  INDEX  "index_ckeditor_assets_on_type" ON "ckeditor_assets"  ("type")[0m
  [1m[35m (3.4ms)[0m  [1m[35mDROP TABLE IF EXISTS "friendly_id_slugs" CASCADE[0m
  [1m[35m (4.1ms)[0m  [1m[35mCREATE TABLE "friendly_id_slugs" ("id" bigserial primary key, "slug" character varying NOT NULL, "sluggable_id" integer NOT NULL, "sluggable_type" character varying(50), "scope" character varying, "created_at" timestamp)[0m
  [1m[35m (1.6ms)[0m  [1m[35mCREATE UNIQUE INDEX  "index_friendly_id_slugs_on_slug_and_sluggable_type_and_scope" ON "friendly_id_slugs"  ("slug", "sluggable_type", "scope")[0m
  [1m[35m (1.7ms)[0m  [1m[35mCREATE  INDEX  "index_friendly_id_slugs_on_slug_and_sluggable_type" ON "friendly_id_slugs"  ("slug", "sluggable_type")[0m
  [1m[35m (1.2ms)[0m  [1m[35mCREATE  INDEX  "index_friendly_id_slugs_on_sluggable_id" ON "friendly_id_slugs"  ("sluggable_id")[0m
  [1m[35m (1.3ms)[0m  [1m[35mCREATE  INDEX  "index_friendly_id_slugs_on_sluggable_type" ON "friendly_id_slugs"  ("sluggable_type")[0m
  [1m[35m (2.6ms)[0m  [1m[35mDROP TABLE IF EXISTS "posts" CASCADE[0m
  [1m[35m (4.9ms)[0m  [1m[35mCREATE TABLE "posts" ("id" bigserial primary key, "title" character varying, "body" text, "description" text, "slug" character varying, "created_at" timestamp NOT NULL, "updated_at" timestamp NOT NULL, "banner_image_url" character varying, "author_id" integer, "published" boolean DEFAULT 'f', "published_at" timestamp, "category_id" integer, "source" character varying, "url" character varying, "avatar" character varying, "avatars" json, "photo_file_name" character varying, "photo_content_type" character varying, "photo_file_size" bigint, "photo_updated_at" timestamp, "music_file_name" character varying, "music_content_type" character varying, "music_file_size" bigint, "music_updated_at" timestamp, "movie_file_name" character varying, "movie_content_type" character varying, "movie_file_size" bigint, "movie_updated_at" timestamp)[0m
  [1m[35m (1.6ms)[0m  [1m[35mCREATE  INDEX  "index_posts_on_author_id" ON "posts"  ("author_id")[0m
  [1m[35m (1.4ms)[0m  [1m[35mCREATE UNIQUE INDEX  "index_posts_on_slug" ON "posts"  ("slug")[0m
  [1m[35m (4.4ms)[0m  [1m[35mDROP TABLE IF EXISTS "taggings" CASCADE[0m
  [1m[35m (6.0ms)[0m  [1m[35mCREATE TABLE "taggings" ("id" bigserial primary key, "tag_id" bigint, "taggable_type" character varying, "taggable_id" bigint, "tagger_type" character varying, "tagger_id" bigint, "context" character varying(128), "created_at" timestamp)[0m
  [1m[35m (1.2ms)[0m  [1m[35mCREATE  INDEX  "index_taggings_on_context" ON "taggings"  ("context")[0m
  [1m[35m (1.8ms)[0m  [1m[35mCREATE UNIQUE INDEX  "taggings_idx" ON "taggings"  ("tag_id", "taggable_id", "taggable_type", "context", "tagger_id", "tagger_type")[0m
  [1m[35m (1.1ms)[0m  [1m[35mCREATE  INDEX  "index_taggings_on_tag_id" ON "taggings"  ("tag_id")[0m
  [1m[35m (1.3ms)[0m  [1m[35mCREATE  INDEX  "index_taggings_on_taggable_id_and_taggable_type_and_context" ON "taggings"  ("taggable_id", "taggable_type", "context")[0m
  [1m[35m (1.2ms)[0m  [1m[35mCREATE  INDEX  "taggings_idy" ON "taggings"  ("taggable_id", "taggable_type", "tagger_id", "context")[0m
  [1m[35m (1.2ms)[0m  [1m[35mCREATE  INDEX  "index_taggings_on_taggable_id" ON "taggings"  ("taggable_id")[0m
  [1m[35m (1.7ms)[0m  [1m[35mCREATE  INDEX  "index_taggings_on_taggable_type_and_taggable_id" ON "taggings"  ("taggable_type", "taggable_id")[0m
  [1m[35m (1.5ms)[0m  [1m[35mCREATE  INDEX  "index_taggings_on_taggable_type" ON "taggings"  ("taggable_type")[0m
  [1m[35m (1.4ms)[0m  [1m[35mCREATE  INDEX  "index_taggings_on_tagger_id_and_tagger_type" ON "taggings"  ("tagger_id", "tagger_type")[0m
  [1m[35m (1.2ms)[0m  [1m[35mCREATE  INDEX  "index_taggings_on_tagger_id" ON "taggings"  ("tagger_id")[0m
  [1m[35m (1.2ms)[0m  [1m[35mCREATE  INDEX  "index_taggings_on_tagger_type_and_tagger_id" ON "taggings"  ("tagger_type", "tagger_id")[0m
  [1m[35m (2.8ms)[0m  [1m[35mDROP TABLE IF EXISTS "tags" CASCADE[0m
  [1m[35m (4.3ms)[0m  [1m[35mCREATE TABLE "tags" ("id" bigserial primary key, "name" character varying, "taggings_count" integer DEFAULT 0)[0m
  [1m[35m (1.3ms)[0m  [1m[35mCREATE UNIQUE INDEX  "index_tags_on_name" ON "tags"  ("name")[0m
  [1m[35m (0.6ms)[0m  [1m[34mSELECT "schema_migrations"."version" FROM "schema_migrations" ORDER BY "schema_migrations"."version" ASC[0m
  [1m[36mActiveRecord::InternalMetadata Load (0.3ms)[0m  [1m[34mSELECT  "ar_internal_metadata".* FROM "ar_internal_metadata" WHERE "ar_internal_metadata"."key" = $1 LIMIT $2[0m  [["key", "environment"], ["LIMIT", 1]]
  [1m[35m (0.2ms)[0m  [1m[35mBEGIN[0m
  [1m[35m (0.1ms)[0m  [1m[35mCOMMIT[0m
  [1m[36mActiveRecord::InternalMetadata Load (0.3ms)[0m  [1m[34mSELECT  "ar_internal_metadata".* FROM "ar_internal_metadata" WHERE "ar_internal_metadata"."key" = $1 LIMIT $2[0m  [["key", "environment"], ["LIMIT", 1]]
  [1m[35m (0.1ms)[0m  [1m[35mBEGIN[0m
  [1m[35m (0.1ms)[0m  [1m[35mCOMMIT[0m
  [1m[35m (0.8ms)[0m  [1m[34mSELECT "schema_migrations"."version" FROM "schema_migrations" ORDER BY "schema_migrations"."version" ASC[0m
  [1m[35m (9.1ms)[0m  [1m[34mSELECT "schema_migrations"."version" FROM "schema_migrations" ORDER BY "schema_migrations"."version" ASC[0m
  [1m[35m (1.2ms)[0m  [1m[34mSELECT "ar_internal_metadata"."value" FROM "ar_internal_metadata" WHERE "ar_internal_metadata"."key" = $1[0m  [["key", "environment"]]
  [1m[35m (0.3ms)[0m  [1m[34mSELECT "schema_migrations"."version" FROM "schema_migrations" ORDER BY "schema_migrations"."version" ASC[0m
  [1m[35m (0.3ms)[0m  [1m[34mSELECT "ar_internal_metadata"."value" FROM "ar_internal_metadata" WHERE "ar_internal_metadata"."key" = $1[0m  [["key", "environment"]]
  [1m[35m (0.3ms)[0m  [1m[34mSELECT "schema_migrations"."version" FROM "schema_migrations" ORDER BY "schema_migrations"."version" ASC[0m
  [1m[35m (0.3ms)[0m  [1m[34mSELECT "ar_internal_metadata"."value" FROM "ar_internal_metadata" WHERE "ar_internal_metadata"."key" = $1[0m  [["key", "environment"]]
  [1m[35mSQL (16.8ms)[0m  [1m[35mCREATE EXTENSION IF NOT EXISTS "plpgsql"[0m
  [1m[35m (15.2ms)[0m  [1m[35mDROP TABLE IF EXISTS "articles" CASCADE[0m
  [1m[35m (20.1ms)[0m  [1m[35mCREATE TABLE "articles" ("id" bigserial primary key, "title" character varying, "body" text, "created_at" timestamp NOT NULL, "updated_at" timestamp NOT NULL)[0m
  [1m[35m (3.4ms)[0m  [1m[35mDROP TABLE IF EXISTS "authors" CASCADE[0m
  [1m[35m (30.5ms)[0m  [1m[35mCREATE TABLE "authors" ("id" bigserial primary key, "name" character varying, "email" character varying DEFAULT '' NOT NULL, "encrypted_password" character varying DEFAULT '' NOT NULL, "reset_password_token" character varying, "reset_password_sent_at" timestamp, "remember_created_at" timestamp, "sign_in_count" integer DEFAULT 0 NOT NULL, "current_sign_in_at" timestamp, "last_sign_in_at" timestamp, "current_sign_in_ip" character varying, "last_sign_in_ip" character varying, "created_at" timestamp NOT NULL, "updated_at" timestamp NOT NULL, "bio" text)[0m
  [1m[35m (1.9ms)[0m  [1m[35mCREATE UNIQUE INDEX  "index_authors_on_email" ON "authors"  ("email")[0m
  [1m[35m (1.3ms)[0m  [1m[35mCREATE UNIQUE INDEX  "index_authors_on_reset_password_token" ON "authors"  ("reset_password_token")[0m
  [1m[35m (2.3ms)[0m  [1m[35mDROP TABLE IF EXISTS "categories" CASCADE[0m
  [1m[35m (4.1ms)[0m  [1m[35mCREATE TABLE "categories" ("id" bigserial primary key, "name" character varying, "created_at" timestamp NOT NULL, "updated_at" timestamp NOT NULL)[0m
  [1m[35m (2.4ms)[0m  [1m[35mDROP TABLE IF EXISTS "ckeditor_assets" CASCADE[0m
  [1m[35m (3.8ms)[0m  [1m[35mCREATE TABLE "ckeditor_assets" ("id" bigserial primary key, "data_file_name" character varying NOT NULL, "data_content_type" character varying, "data_file_size" integer, "data_fingerprint" character varying, "type" character varying(30), "width" integer, "height" integer, "created_at" timestamp NOT NULL, "updated_at" timestamp NOT NULL)[0m
  [1m[35m (1.8ms)[0m  [1m[35mCREATE  INDEX  "index_ckeditor_assets_on_type" ON "ckeditor_assets"  ("type")[0m
  [1m[35m (2.7ms)[0m  [1m[35mDROP TABLE IF EXISTS "friendly_id_slugs" CASCADE[0m
  [1m[35m (4.7ms)[0m  [1m[35mCREATE TABLE "friendly_id_slugs" ("id" bigserial primary key, "slug" character varying NOT NULL, "sluggable_id" integer NOT NULL, "sluggable_type" character varying(50), "scope" character varying, "created_at" timestamp)[0m
  [1m[35m (1.7ms)[0m  [1m[35mCREATE UNIQUE INDEX  "index_friendly_id_slugs_on_slug_and_sluggable_type_and_scope" ON "friendly_id_slugs"  ("slug", "sluggable_type", "scope")[0m
  [1m[35m (1.5ms)[0m  [1m[35mCREATE  INDEX  "index_friendly_id_slugs_on_slug_and_sluggable_type" ON "friendly_id_slugs"  ("slug", "sluggable_type")[0m
  [1m[35m (1.2ms)[0m  [1m[35mCREATE  INDEX  "index_friendly_id_slugs_on_sluggable_id" ON "friendly_id_slugs"  ("sluggable_id")[0m
  [1m[35m (1.2ms)[0m  [1m[35mCREATE  INDEX  "index_friendly_id_slugs_on_sluggable_type" ON "friendly_id_slugs"  ("sluggable_type")[0m
  [1m[35m (2.8ms)[0m  [1m[35mDROP TABLE IF EXISTS "posts" CASCADE[0m
  [1m[35m (5.0ms)[0m  [1m[35mCREATE TABLE "posts" ("id" bigserial primary key, "title" character varying, "body" text, "description" text, "slug" character varying, "created_at" timestamp NOT NULL, "updated_at" timestamp NOT NULL, "banner_image_url" character varying, "author_id" integer, "published" boolean DEFAULT 'f', "published_at" timestamp, "category_id" integer, "source" character varying, "url" character varying, "avatar" character varying, "avatars" json, "photo_file_name" character varying, "photo_content_type" character varying, "photo_file_size" bigint, "photo_updated_at" timestamp, "music_file_name" character varying, "music_content_type" character varying, "music_file_size" bigint, "music_updated_at" timestamp, "movie_file_name" character varying, "movie_content_type" character varying, "movie_file_size" bigint, "movie_updated_at" timestamp)[0m
  [1m[35m (1.7ms)[0m  [1m[35mCREATE  INDEX  "index_posts_on_author_id" ON "posts"  ("author_id")[0m
  [1m[35m (1.4ms)[0m  [1m[35mCREATE UNIQUE INDEX  "index_posts_on_slug" ON "posts"  ("slug")[0m
  [1m[35m (5.6ms)[0m  [1m[35mDROP TABLE IF EXISTS "taggings" CASCADE[0m
  [1m[35m (4.9ms)[0m  [1m[35mCREATE TABLE "taggings" ("id" bigserial primary key, "tag_id" bigint, "taggable_type" character varying, "taggable_id" bigint, "tagger_type" character varying, "tagger_id" bigint, "context" character varying(128), "created_at" timestamp)[0m
  [1m[35m (1.2ms)[0m  [1m[35mCREATE  INDEX  "index_taggings_on_context" ON "taggings"  ("context")[0m
  [1m[35m (1.7ms)[0m  [1m[35mCREATE UNIQUE INDEX  "taggings_idx" ON "taggings"  ("tag_id", "taggable_id", "taggable_type", "context", "tagger_id", "tagger_type")[0m
  [1m[35m (1.3ms)[0m  [1m[35mCREATE  INDEX  "index_taggings_on_tag_id" ON "taggings"  ("tag_id")[0m
  [1m[35m (1.9ms)[0m  [1m[35mCREATE  INDEX  "index_taggings_on_taggable_id_and_taggable_type_and_context" ON "taggings"  ("taggable_id", "taggable_type", "context")[0m
  [1m[35m (1.3ms)[0m  [1m[35mCREATE  INDEX  "taggings_idy" ON "taggings"  ("taggable_id", "taggable_type", "tagger_id", "context")[0m
  [1m[35m (1.3ms)[0m  [1m[35mCREATE  INDEX  "index_taggings_on_taggable_id" ON "taggings"  ("taggable_id")[0m
  [1m[35m (1.5ms)[0m  [1m[35mCREATE  INDEX  "index_taggings_on_taggable_type_and_taggable_id" ON "taggings"  ("taggable_type", "taggable_id")[0m
  [1m[35m (1.2ms)[0m  [1m[35mCREATE  INDEX  "index_taggings_on_taggable_type" ON "taggings"  ("taggable_type")[0m
  [1m[35m (1.8ms)[0m  [1m[35mCREATE  INDEX  "index_taggings_on_tagger_id_and_tagger_type" ON "taggings"  ("tagger_id", "tagger_type")[0m
  [1m[35m (1.4ms)[0m  [1m[35mCREATE  INDEX  "index_taggings_on_tagger_id" ON "taggings"  ("tagger_id")[0m
  [1m[35m (1.2ms)[0m  [1m[35mCREATE  INDEX  "index_taggings_on_tagger_type_and_tagger_id" ON "taggings"  ("tagger_type", "tagger_id")[0m
  [1m[35m (2.9ms)[0m  [1m[35mDROP TABLE IF EXISTS "tags" CASCADE[0m
  [1m[35m (3.8ms)[0m  [1m[35mCREATE TABLE "tags" ("id" bigserial primary key, "name" character varying, "taggings_count" integer DEFAULT 0)[0m
  [1m[35m (1.1ms)[0m  [1m[35mCREATE UNIQUE INDEX  "index_tags_on_name" ON "tags"  ("name")[0m
  [1m[35m (0.7ms)[0m  [1m[34mSELECT "schema_migrations"."version" FROM "schema_migrations" ORDER BY "schema_migrations"."version" ASC[0m
  [1m[36mActiveRecord::InternalMetadata Load (0.6ms)[0m  [1m[34mSELECT  "ar_internal_metadata".* FROM "ar_internal_metadata" WHERE "ar_internal_metadata"."key" = $1 LIMIT $2[0m  [["key", "environment"], ["LIMIT", 1]]
  [1m[35m (0.2ms)[0m  [1m[35mBEGIN[0m
  [1m[35m (0.2ms)[0m  [1m[35mCOMMIT[0m
  [1m[36mActiveRecord::InternalMetadata Load (0.3ms)[0m  [1m[34mSELECT  "ar_internal_metadata".* FROM "ar_internal_metadata" WHERE "ar_internal_metadata"."key" = $1 LIMIT $2[0m  [["key", "environment"], ["LIMIT", 1]]
  [1m[35m (0.2ms)[0m  [1m[35mBEGIN[0m
  [1m[35m (0.1ms)[0m  [1m[35mCOMMIT[0m
  [1m[35m (0.8ms)[0m  [1m[34mSELECT "schema_migrations"."version" FROM "schema_migrations" ORDER BY "schema_migrations"."version" ASC[0m
  [1m[35m (0.7ms)[0m  [1m[34mSELECT "schema_migrations"."version" FROM "schema_migrations" ORDER BY "schema_migrations"."version" ASC[0m
  [1m[35m (0.3ms)[0m  [1m[34mSELECT "ar_internal_metadata"."value" FROM "ar_internal_metadata" WHERE "ar_internal_metadata"."key" = $1[0m  [["key", "environment"]]
  [1m[35m (0.2ms)[0m  [1m[34mSELECT "schema_migrations"."version" FROM "schema_migrations" ORDER BY "schema_migrations"."version" ASC[0m
  [1m[35m (0.2ms)[0m  [1m[34mSELECT "ar_internal_metadata"."value" FROM "ar_internal_metadata" WHERE "ar_internal_metadata"."key" = $1[0m  [["key", "environment"]]
  [1m[35m (0.2ms)[0m  [1m[34mSELECT "schema_migrations"."version" FROM "schema_migrations" ORDER BY "schema_migrations"."version" ASC[0m
  [1m[35m (0.2ms)[0m  [1m[34mSELECT "ar_internal_metadata"."value" FROM "ar_internal_metadata" WHERE "ar_internal_metadata"."key" = $1[0m  [["key", "environment"]]
  [1m[35mSQL (0.3ms)[0m  [1m[35mCREATE EXTENSION IF NOT EXISTS "plpgsql"[0m
  [1m[35m (18.8ms)[0m  [1m[35mDROP TABLE IF EXISTS "articles" CASCADE[0m
  [1m[35m (6.7ms)[0m  [1m[35mCREATE TABLE "articles" ("id" bigserial primary key, "title" character varying, "body" text, "created_at" timestamp NOT NULL, "updated_at" timestamp NOT NULL)[0m
  [1m[35m (3.4ms)[0m  [1m[35mDROP TABLE IF EXISTS "authors" CASCADE[0m
  [1m[35m (4.5ms)[0m  [1m[35mCREATE TABLE "authors" ("id" bigserial primary key, "name" character varying, "email" character varying DEFAULT '' NOT NULL, "encrypted_password" character varying DEFAULT '' NOT NULL, "reset_password_token" character varying, "reset_password_sent_at" timestamp, "remember_created_at" timestamp, "sign_in_count" integer DEFAULT 0 NOT NULL, "current_sign_in_at" timestamp, "last_sign_in_at" timestamp, "current_sign_in_ip" character varying, "last_sign_in_ip" character varying, "created_at" timestamp NOT NULL, "updated_at" timestamp NOT NULL, "bio" text)[0m
  [1m[35m (2.3ms)[0m  [1m[35mCREATE UNIQUE INDEX  "index_authors_on_email" ON "authors"  ("email")[0m
  [1m[35m (1.2ms)[0m  [1m[35mCREATE UNIQUE INDEX  "index_authors_on_reset_password_token" ON "authors"  ("reset_password_token")[0m
  [1m[35m (16.5ms)[0m  [1m[35mDROP TABLE IF EXISTS "categories" CASCADE[0m
  [1m[35m (4.0ms)[0m  [1m[35mCREATE TABLE "categories" ("id" bigserial primary key, "name" character varying, "created_at" timestamp NOT NULL, "updated_at" timestamp NOT NULL)[0m
  [1m[35m (2.8ms)[0m  [1m[35mDROP TABLE IF EXISTS "ckeditor_assets" CASCADE[0m
  [1m[35m (4.0ms)[0m  [1m[35mCREATE TABLE "ckeditor_assets" ("id" bigserial primary key, "data_file_name" character varying NOT NULL, "data_content_type" character varying, "data_file_size" integer, "data_fingerprint" character varying, "type" character varying(30), "width" integer, "height" integer, "created_at" timestamp NOT NULL, "updated_at" timestamp NOT NULL)[0m
  [1m[35m (1.1ms)[0m  [1m[35mCREATE  INDEX  "index_ckeditor_assets_on_type" ON "ckeditor_assets"  ("type")[0m
  [1m[35m (2.7ms)[0m  [1m[35mDROP TABLE IF EXISTS "friendly_id_slugs" CASCADE[0m
  [1m[35m (3.7ms)[0m  [1m[35mCREATE TABLE "friendly_id_slugs" ("id" bigserial primary key, "slug" character varying NOT NULL, "sluggable_id" integer NOT NULL, "sluggable_type" character varying(50), "scope" character varying, "created_at" timestamp)[0m
  [1m[35m (1.4ms)[0m  [1m[35mCREATE UNIQUE INDEX  "index_friendly_id_slugs_on_slug_and_sluggable_type_and_scope" ON "friendly_id_slugs"  ("slug", "sluggable_type", "scope")[0m
  [1m[35m (1.7ms)[0m  [1m[35mCREATE  INDEX  "index_friendly_id_slugs_on_slug_and_sluggable_type" ON "friendly_id_slugs"  ("slug", "sluggable_type")[0m
  [1m[35m (1.4ms)[0m  [1m[35mCREATE  INDEX  "index_friendly_id_slugs_on_sluggable_id" ON "friendly_id_slugs"  ("sluggable_id")[0m
  [1m[35m (1.1ms)[0m  [1m[35mCREATE  INDEX  "index_friendly_id_slugs_on_sluggable_type" ON "friendly_id_slugs"  ("sluggable_type")[0m
  [1m[35m (2.9ms)[0m  [1m[35mDROP TABLE IF EXISTS "posts" CASCADE[0m
  [1m[35m (5.2ms)[0m  [1m[35mCREATE TABLE "posts" ("id" bigserial primary key, "title" character varying, "body" text, "description" text, "slug" character varying, "created_at" timestamp NOT NULL, "updated_at" timestamp NOT NULL, "banner_image_url" character varying, "author_id" integer, "published" boolean DEFAULT 'f', "published_at" timestamp, "category_id" integer, "source" character varying, "url" character varying, "avatar" character varying, "avatars" json, "photo_file_name" character varying, "photo_content_type" character varying, "photo_file_size" bigint, "photo_updated_at" timestamp, "music_file_name" character varying, "music_content_type" character varying, "music_file_size" bigint, "music_updated_at" timestamp, "movie_file_name" character varying, "movie_content_type" character varying, "movie_file_size" bigint, "movie_updated_at" timestamp)[0m
  [1m[35m (1.1ms)[0m  [1m[35mCREATE  INDEX  "index_posts_on_author_id" ON "posts"  ("author_id")[0m
  [1m[35m (1.3ms)[0m  [1m[35mCREATE UNIQUE INDEX  "index_posts_on_slug" ON "posts"  ("slug")[0m
  [1m[35m (4.2ms)[0m  [1m[35mDROP TABLE IF EXISTS "taggings" CASCADE[0m
  [1m[35m (5.2ms)[0m  [1m[35mCREATE TABLE "taggings" ("id" bigserial primary key, "tag_id" bigint, "taggable_type" character varying, "taggable_id" bigint, "tagger_type" character varying, "tagger_id" bigint, "context" character varying(128), "created_at" timestamp)[0m
  [1m[35m (1.7ms)[0m  [1m[35mCREATE  INDEX  "index_taggings_on_context" ON "taggings"  ("context")[0m
  [1m[35m (1.7ms)[0m  [1m[35mCREATE UNIQUE INDEX  "taggings_idx" ON "taggings"  ("tag_id", "taggable_id", "taggable_type", "context", "tagger_id", "tagger_type")[0m
  [1m[35m (1.6ms)[0m  [1m[35mCREATE  INDEX  "index_taggings_on_tag_id" ON "taggings"  ("tag_id")[0m
  [1m[35m (1.6ms)[0m  [1m[35mCREATE  INDEX  "index_taggings_on_taggable_id_and_taggable_type_and_context" ON "taggings"  ("taggable_id", "taggable_type", "context")[0m
  [1m[35m (1.9ms)[0m  [1m[35mCREATE  INDEX  "taggings_idy" ON "taggings"  ("taggable_id", "taggable_type", "tagger_id", "context")[0m
  [1m[35m (1.8ms)[0m  [1m[35mCREATE  INDEX  "index_taggings_on_taggable_id" ON "taggings"  ("taggable_id")[0m
  [1m[35m (1.4ms)[0m  [1m[35mCREATE  INDEX  "index_taggings_on_taggable_type_and_taggable_id" ON "taggings"  ("taggable_type", "taggable_id")[0m
  [1m[35m (1.1ms)[0m  [1m[35mCREATE  INDEX  "index_taggings_on_taggable_type" ON "taggings"  ("taggable_type")[0m
  [1m[35m (1.1ms)[0m  [1m[35mCREATE  INDEX  "index_taggings_on_tagger_id_and_tagger_type" ON "taggings"  ("tagger_id", "tagger_type")[0m
  [1m[35m (1.4ms)[0m  [1m[35mCREATE  INDEX  "index_taggings_on_tagger_id" ON "taggings"  ("tagger_id")[0m
  [1m[35m (1.6ms)[0m  [1m[35mCREATE  INDEX  "index_taggings_on_tagger_type_and_tagger_id" ON "taggings"  ("tagger_type", "tagger_id")[0m
  [1m[35m (2.5ms)[0m  [1m[35mDROP TABLE IF EXISTS "tags" CASCADE[0m
  [1m[35m (4.1ms)[0m  [1m[35mCREATE TABLE "tags" ("id" bigserial primary key, "name" character varying, "taggings_count" integer DEFAULT 0)[0m
  [1m[35m (1.8ms)[0m  [1m[35mCREATE UNIQUE INDEX  "index_tags_on_name" ON "tags"  ("name")[0m
  [1m[35m (0.6ms)[0m  [1m[34mSELECT "schema_migrations"."version" FROM "schema_migrations" ORDER BY "schema_migrations"."version" ASC[0m
  [1m[36mActiveRecord::InternalMetadata Load (0.3ms)[0m  [1m[34mSELECT  "ar_internal_metadata".* FROM "ar_internal_metadata" WHERE "ar_internal_metadata"."key" = $1 LIMIT $2[0m  [["key", "environment"], ["LIMIT", 1]]
  [1m[35m (0.2ms)[0m  [1m[35mBEGIN[0m
  [1m[35m (0.1ms)[0m  [1m[35mCOMMIT[0m
  [1m[36mActiveRecord::InternalMetadata Load (0.2ms)[0m  [1m[34mSELECT  "ar_internal_metadata".* FROM "ar_internal_metadata" WHERE "ar_internal_metadata"."key" = $1 LIMIT $2[0m  [["key", "environment"], ["LIMIT", 1]]
  [1m[35m (0.1ms)[0m  [1m[35mBEGIN[0m
  [1m[35m (0.1ms)[0m  [1m[35mCOMMIT[0m
  [1m[35m (0.8ms)[0m  [1m[34mSELECT "schema_migrations"."version" FROM "schema_migrations" ORDER BY "schema_migrations"."version" ASC[0m
  [1m[35m (0.3ms)[0m  [1m[34mSELECT pg_try_advisory_lock(893658557556301530)[0m
  [1m[35m (9.5ms)[0m  [1m[34mSELECT "schema_migrations"."version" FROM "schema_migrations" ORDER BY "schema_migrations"."version" ASC[0m
  [1m[36mActiveRecord::InternalMetadata Load (11.3ms)[0m  [1m[34mSELECT  "ar_internal_metadata".* FROM "ar_internal_metadata" WHERE "ar_internal_metadata"."key" = $1 LIMIT $2[0m  [["key", "environment"], ["LIMIT", 1]]
  [1m[35m (0.2ms)[0m  [1m[35mBEGIN[0m
  [1m[35m (0.1ms)[0m  [1m[35mCOMMIT[0m
  [1m[35m (0.3ms)[0m  [1m[34mSELECT pg_advisory_unlock(893658557556301530)[0m
  [1m[35m (0.2ms)[0m  [1m[34mSELECT "schema_migrations"."version" FROM "schema_migrations" ORDER BY "schema_migrations"."version" ASC[0m
  [1m[35m (0.2ms)[0m  [1m[34mSELECT pg_try_advisory_lock(893658557556301530)[0m
  [1m[35m (1.0ms)[0m  [1m[34mSELECT "schema_migrations"."version" FROM "schema_migrations" ORDER BY "schema_migrations"."version" ASC[0m
  [1m[36mActiveRecord::InternalMetadata Load (0.4ms)[0m  [1m[34mSELECT  "ar_internal_metadata".* FROM "ar_internal_metadata" WHERE "ar_internal_metadata"."key" = $1 LIMIT $2[0m  [["key", "environment"], ["LIMIT", 1]]
  [1m[35m (0.2ms)[0m  [1m[35mBEGIN[0m
  [1m[35m (0.2ms)[0m  [1m[35mCOMMIT[0m
  [1m[35m (0.2ms)[0m  [1m[34mSELECT pg_advisory_unlock(893658557556301530)[0m
  [1m[35m (0.3ms)[0m  [1m[34mSELECT "schema_migrations"."version" FROM "schema_migrations" ORDER BY "schema_migrations"."version" ASC[0m
  [1m[35m (0.7ms)[0m  [1m[34mSELECT "schema_migrations"."version" FROM "schema_migrations" ORDER BY "schema_migrations"."version" ASC[0m
  [1m[35m (0.3ms)[0m  [1m[34mSELECT "ar_internal_metadata"."value" FROM "ar_internal_metadata" WHERE "ar_internal_metadata"."key" = $1[0m  [["key", "environment"]]
  [1m[35m (0.2ms)[0m  [1m[34mSELECT "schema_migrations"."version" FROM "schema_migrations" ORDER BY "schema_migrations"."version" ASC[0m
  [1m[35m (0.2ms)[0m  [1m[34mSELECT "ar_internal_metadata"."value" FROM "ar_internal_metadata" WHERE "ar_internal_metadata"."key" = $1[0m  [["key", "environment"]]
  [1m[35m (0.2ms)[0m  [1m[34mSELECT "schema_migrations"."version" FROM "schema_migrations" ORDER BY "schema_migrations"."version" ASC[0m
  [1m[35m (0.2ms)[0m  [1m[34mSELECT "ar_internal_metadata"."value" FROM "ar_internal_metadata" WHERE "ar_internal_metadata"."key" = $1[0m  [["key", "environment"]]
  [1m[35mSQL (24.7ms)[0m  [1m[35mCREATE EXTENSION IF NOT EXISTS "plpgsql"[0m
  [1m[35m (54.1ms)[0m  [1m[35mDROP TABLE IF EXISTS "articles" CASCADE[0m
  [1m[35m (56.8ms)[0m  [1m[35mCREATE TABLE "articles" ("id" bigserial primary key, "title" character varying, "body" text, "created_at" timestamp NOT NULL, "updated_at" timestamp NOT NULL)[0m
  [1m[35m (4.1ms)[0m  [1m[35mDROP TABLE IF EXISTS "authors" CASCADE[0m
  [1m[35m (5.6ms)[0m  [1m[35mCREATE TABLE "authors" ("id" bigserial primary key, "name" character varying, "email" character varying DEFAULT '' NOT NULL, "encrypted_password" character varying DEFAULT '' NOT NULL, "reset_password_token" character varying, "reset_password_sent_at" timestamp, "remember_created_at" timestamp, "sign_in_count" integer DEFAULT 0 NOT NULL, "current_sign_in_at" timestamp, "last_sign_in_at" timestamp, "current_sign_in_ip" character varying, "last_sign_in_ip" character varying, "created_at" timestamp NOT NULL, "updated_at" timestamp NOT NULL, "bio" text)[0m
  [1m[35m (1.7ms)[0m  [1m[35mCREATE UNIQUE INDEX  "index_authors_on_email" ON "authors"  ("email")[0m
  [1m[35m (1.3ms)[0m  [1m[35mCREATE UNIQUE INDEX  "index_authors_on_reset_password_token" ON "authors"  ("reset_password_token")[0m
  [1m[35m (2.8ms)[0m  [1m[35mDROP TABLE IF EXISTS "categories" CASCADE[0m
  [1m[35m (5.0ms)[0m  [1m[35mCREATE TABLE "categories" ("id" bigserial primary key, "name" character varying, "created_at" timestamp NOT NULL, "updated_at" timestamp NOT NULL)[0m
  [1m[35m (2.5ms)[0m  [1m[35mDROP TABLE IF EXISTS "ckeditor_assets" CASCADE[0m
  [1m[35m (4.1ms)[0m  [1m[35mCREATE TABLE "ckeditor_assets" ("id" bigserial primary key, "data_file_name" character varying NOT NULL, "data_content_type" character varying, "data_file_size" integer, "data_fingerprint" character varying, "type" character varying(30), "width" integer, "height" integer, "created_at" timestamp NOT NULL, "updated_at" timestamp NOT NULL)[0m
  [1m[35m (1.4ms)[0m  [1m[35mCREATE  INDEX  "index_ckeditor_assets_on_type" ON "ckeditor_assets"  ("type")[0m
  [1m[35m (2.9ms)[0m  [1m[35mDROP TABLE IF EXISTS "friendly_id_slugs" CASCADE[0m
  [1m[35m (11.7ms)[0m  [1m[35mCREATE TABLE "friendly_id_slugs" ("id" bigserial primary key, "slug" character varying NOT NULL, "sluggable_id" integer NOT NULL, "sluggable_type" character varying(50), "scope" character varying, "created_at" timestamp)[0m
  [1m[35m (1.8ms)[0m  [1m[35mCREATE UNIQUE INDEX  "index_friendly_id_slugs_on_slug_and_sluggable_type_and_scope" ON "friendly_id_slugs"  ("slug", "sluggable_type", "scope")[0m
  [1m[35m (1.6ms)[0m  [1m[35mCREATE  INDEX  "index_friendly_id_slugs_on_slug_and_sluggable_type" ON "friendly_id_slugs"  ("slug", "sluggable_type")[0m
  [1m[35m (1.7ms)[0m  [1m[35mCREATE  INDEX  "index_friendly_id_slugs_on_sluggable_id" ON "friendly_id_slugs"  ("sluggable_id")[0m
  [1m[35m (1.3ms)[0m  [1m[35mCREATE  INDEX  "index_friendly_id_slugs_on_sluggable_type" ON "friendly_id_slugs"  ("sluggable_type")[0m
  [1m[35m (3.2ms)[0m  [1m[35mDROP TABLE IF EXISTS "posts" CASCADE[0m
  [1m[35m (4.6ms)[0m  [1m[35mCREATE TABLE "posts" ("id" bigserial primary key, "title" character varying, "body" text, "description" text, "slug" character varying, "created_at" timestamp NOT NULL, "updated_at" timestamp NOT NULL, "banner_image_url" character varying, "author_id" integer, "published" boolean DEFAULT 'f', "published_at" timestamp, "category_id" integer, "source" character varying, "url" character varying, "avatar" character varying, "avatars" json, "photo_file_name" character varying, "photo_content_type" character varying, "photo_file_size" bigint, "photo_updated_at" timestamp, "music_file_name" character varying, "music_content_type" character varying, "music_file_size" bigint, "music_updated_at" timestamp, "movie_file_name" character varying, "movie_content_type" character varying, "movie_file_size" bigint, "movie_updated_at" timestamp)[0m
  [1m[35m (1.4ms)[0m  [1m[35mCREATE  INDEX  "index_posts_on_author_id" ON "posts"  ("author_id")[0m
  [1m[35m (1.1ms)[0m  [1m[35mCREATE UNIQUE INDEX  "index_posts_on_slug" ON "posts"  ("slug")[0m
  [1m[35m (4.9ms)[0m  [1m[35mDROP TABLE IF EXISTS "taggings" CASCADE[0m
  [1m[35m (4.9ms)[0m  [1m[35mCREATE TABLE "taggings" ("id" bigserial primary key, "tag_id" bigint, "taggable_type" character varying, "taggable_id" bigint, "tagger_type" character varying, "tagger_id" bigint, "context" character varying(128), "created_at" timestamp)[0m
  [1m[35m (1.1ms)[0m  [1m[35mCREATE  INDEX  "index_taggings_on_context" ON "taggings"  ("context")[0m
  [1m[35m (2.0ms)[0m  [1m[35mCREATE UNIQUE INDEX  "taggings_idx" ON "taggings"  ("tag_id", "taggable_id", "taggable_type", "context", "tagger_id", "tagger_type")[0m
  [1m[35m (1.4ms)[0m  [1m[35mCREATE  INDEX  "index_taggings_on_tag_id" ON "taggings"  ("tag_id")[0m
  [1m[35m (1.7ms)[0m  [1m[35mCREATE  INDEX  "index_taggings_on_taggable_id_and_taggable_type_and_context" ON "taggings"  ("taggable_id", "taggable_type", "context")[0m
  [1m[35m (1.6ms)[0m  [1m[35mCREATE  INDEX  "taggings_idy" ON "taggings"  ("taggable_id", "taggable_type", "tagger_id", "context")[0m
  [1m[35m (1.8ms)[0m  [1m[35mCREATE  INDEX  "index_taggings_on_taggable_id" ON "taggings"  ("taggable_id")[0m
  [1m[35m (1.3ms)[0m  [1m[35mCREATE  INDEX  "index_taggings_on_taggable_type_and_taggable_id" ON "taggings"  ("taggable_type", "taggable_id")[0m
  [1m[35m (1.4ms)[0m  [1m[35mCREATE  INDEX  "index_taggings_on_taggable_type" ON "taggings"  ("taggable_type")[0m
  [1m[35m (1.2ms)[0m  [1m[35mCREATE  INDEX  "index_taggings_on_tagger_id_and_tagger_type" ON "taggings"  ("tagger_id", "tagger_type")[0m
  [1m[35m (1.1ms)[0m  [1m[35mCREATE  INDEX  "index_taggings_on_tagger_id" ON "taggings"  ("tagger_id")[0m
  [1m[35m (1.2ms)[0m  [1m[35mCREATE  INDEX  "index_taggings_on_tagger_type_and_tagger_id" ON "taggings"  ("tagger_type", "tagger_id")[0m
  [1m[35m (2.2ms)[0m  [1m[35mDROP TABLE IF EXISTS "tags" CASCADE[0m
  [1m[35m (3.7ms)[0m  [1m[35mCREATE TABLE "tags" ("id" bigserial primary key, "name" character varying, "taggings_count" integer DEFAULT 0)[0m
  [1m[35m (1.9ms)[0m  [1m[35mCREATE UNIQUE INDEX  "index_tags_on_name" ON "tags"  ("name")[0m
  [1m[35m (0.7ms)[0m  [1m[34mSELECT "schema_migrations"."version" FROM "schema_migrations" ORDER BY "schema_migrations"."version" ASC[0m
  [1m[36mActiveRecord::InternalMetadata Load (0.4ms)[0m  [1m[34mSELECT  "ar_internal_metadata".* FROM "ar_internal_metadata" WHERE "ar_internal_metadata"."key" = $1 LIMIT $2[0m  [["key", "environment"], ["LIMIT", 1]]
  [1m[35m (0.2ms)[0m  [1m[35mBEGIN[0m
  [1m[35m (0.1ms)[0m  [1m[35mCOMMIT[0m
  [1m[36mActiveRecord::InternalMetadata Load (0.2ms)[0m  [1m[34mSELECT  "ar_internal_metadata".* FROM "ar_internal_metadata" WHERE "ar_internal_metadata"."key" = $1 LIMIT $2[0m  [["key", "environment"], ["LIMIT", 1]]
  [1m[35m (0.1ms)[0m  [1m[35mBEGIN[0m
  [1m[35m (0.1ms)[0m  [1m[35mCOMMIT[0m
  [1m[35m (2.9ms)[0m  [1m[34mSELECT "schema_migrations"."version" FROM "schema_migrations" ORDER BY "schema_migrations"."version" ASC[0m
  [1m[35m (0.2ms)[0m  [1m[34mSELECT pg_try_advisory_lock(893658557556301530)[0m
  [1m[35m (0.7ms)[0m  [1m[34mSELECT "schema_migrations"."version" FROM "schema_migrations" ORDER BY "schema_migrations"."version" ASC[0m
  [1m[36mActiveRecord::InternalMetadata Load (0.3ms)[0m  [1m[34mSELECT  "ar_internal_metadata".* FROM "ar_internal_metadata" WHERE "ar_internal_metadata"."key" = $1 LIMIT $2[0m  [["key", "environment"], ["LIMIT", 1]]
  [1m[35m (0.1ms)[0m  [1m[35mBEGIN[0m
  [1m[35m (0.1ms)[0m  [1m[35mCOMMIT[0m
  [1m[35m (0.2ms)[0m  [1m[34mSELECT pg_advisory_unlock(893658557556301530)[0m
  [1m[35m (0.2ms)[0m  [1m[34mSELECT "schema_migrations"."version" FROM "schema_migrations" ORDER BY "schema_migrations"."version" ASC[0m
  [1m[35m (0.2ms)[0m  [1m[34mSELECT pg_try_advisory_lock(893658557556301530)[0m
  [1m[35m (0.7ms)[0m  [1m[34mSELECT "schema_migrations"."version" FROM "schema_migrations" ORDER BY "schema_migrations"."version" ASC[0m
  [1m[36mActiveRecord::InternalMetadata Load (0.3ms)[0m  [1m[34mSELECT  "ar_internal_metadata".* FROM "ar_internal_metadata" WHERE "ar_internal_metadata"."key" = $1 LIMIT $2[0m  [["key", "environment"], ["LIMIT", 1]]
  [1m[35m (0.1ms)[0m  [1m[35mBEGIN[0m
  [1m[35m (0.1ms)[0m  [1m[35mCOMMIT[0m
  [1m[35m (0.2ms)[0m  [1m[34mSELECT pg_advisory_unlock(893658557556301530)[0m
  [1m[35m (0.2ms)[0m  [1m[34mSELECT "schema_migrations"."version" FROM "schema_migrations" ORDER BY "schema_migrations"."version" ASC[0m
DEPRECATION WARNING: You didn't set `secret_key_base`. Read the upgrade documentation to learn more about this new config option. (called from env_config at /Users/rochelleblowe/.rbenv/versions/2.5.1/lib/ruby/gems/2.5.0/gems/railties-5.1.6/lib/rails/application.rb:247)
DEPRECATION WARNING: You didn't set `secret_key_base`. Read the upgrade documentation to learn more about this new config option. (called from env_config at /Users/rochelleblowe/.rbenv/versions/2.5.1/lib/ruby/gems/2.5.0/gems/railties-5.1.6/lib/rails/application.rb:247)
DEPRECATION WARNING: You didn't set `secret_key_base`. Read the upgrade documentation to learn more about this new config option. (called from env_config at /Users/rochelleblowe/.rbenv/versions/2.5.1/lib/ruby/gems/2.5.0/gems/railties-5.1.6/lib/rails/application.rb:247)
DEPRECATION WARNING: You didn't set `secret_key_base`. Read the upgrade documentation to learn more about this new config option. (called from env_config at /Users/rochelleblowe/.rbenv/versions/2.5.1/lib/ruby/gems/2.5.0/gems/railties-5.1.6/lib/rails/application.rb:247)
DEPRECATION WARNING: You didn't set `secret_key_base`. Read the upgrade documentation to learn more about this new config option. (called from env_config at /Users/rochelleblowe/.rbenv/versions/2.5.1/lib/ruby/gems/2.5.0/gems/railties-5.1.6/lib/rails/application.rb:247)
DEPRECATION WARNING: You didn't set `secret_key_base`. Read the upgrade documentation to learn more about this new config option. (called from env_config at /Users/rochelleblowe/.rbenv/versions/2.5.1/lib/ruby/gems/2.5.0/gems/railties-5.1.6/lib/rails/application.rb:247)
DEPRECATION WARNING: You didn't set `secret_key_base`. Read the upgrade documentation to learn more about this new config option. (called from env_config at /Users/rochelleblowe/.rbenv/versions/2.5.1/lib/ruby/gems/2.5.0/gems/railties-5.1.6/lib/rails/application.rb:247)
DEPRECATION WARNING: You didn't set `secret_key_base`. Read the upgrade documentation to learn more about this new config option. (called from env_config at /Users/rochelleblowe/.rbenv/versions/2.5.1/lib/ruby/gems/2.5.0/gems/railties-5.1.6/lib/rails/application.rb:247)
DEPRECATION WARNING: You didn't set `secret_key_base`. Read the upgrade documentation to learn more about this new config option. (called from env_config at /Users/rochelleblowe/.rbenv/versions/2.5.1/lib/ruby/gems/2.5.0/gems/railties-5.1.6/lib/rails/application.rb:247)
DEPRECATION WARNING: You didn't set `secret_key_base`. Read the upgrade documentation to learn more about this new config option. (called from env_config at /Users/rochelleblowe/.rbenv/versions/2.5.1/lib/ruby/gems/2.5.0/gems/railties-5.1.6/lib/rails/application.rb:247)
DEPRECATION WARNING: You didn't set `secret_key_base`. Read the upgrade documentation to learn more about this new config option. (called from env_config at /Users/rochelleblowe/.rbenv/versions/2.5.1/lib/ruby/gems/2.5.0/gems/railties-5.1.6/lib/rails/application.rb:247)
DEPRECATION WARNING: You didn't set `secret_key_base`. Read the upgrade documentation to learn more about this new config option. (called from env_config at /Users/rochelleblowe/.rbenv/versions/2.5.1/lib/ruby/gems/2.5.0/gems/railties-5.1.6/lib/rails/application.rb:247)
Started GET "/" for 127.0.0.1 at 2018-09-25 22:14:19 -0400
  [1m[35m (20.4ms)[0m  [1m[34mSELECT "schema_migrations"."version" FROM "schema_migrations" ORDER BY "schema_migrations"."version" ASC[0m
Processing by Newsroom::PostsController#index as HTML
DEPRECATION WARNING: Passing a class to the `class_name` is deprecated and will raise an ArgumentError in Rails 5.2. It eagerloads more classes than necessary and potentially creates circular dependencies. Please pass the class name as a string: `has_many :tag_taggings, class_name: 'ActsAsTaggableOn::Tagging'` (called from <class:Post> at /Users/rochelleblowe/Hadhrat-Abassiya/app/models/post.rb:19)
DEPRECATION WARNING: Passing a class to the `class_name` is deprecated and will raise an ArgumentError in Rails 5.2. It eagerloads more classes than necessary and potentially creates circular dependencies. Please pass the class name as a string: `has_many :tags, class_name: 'ActsAsTaggableOn::Tag'` (called from <class:Post> at /Users/rochelleblowe/Hadhrat-Abassiya/app/models/post.rb:19)
  Rendering newsroom/posts/index.html.erb within layouts/author
  [1m[36mPost Load (47.1ms)[0m  [1m[34mSELECT  "posts".* FROM "posts" WHERE "posts"."published" = $1 ORDER BY "posts"."published_at" DESC LIMIT $2 OFFSET $3[0m  [["published", "t"], ["LIMIT", 10], ["OFFSET", 0]]
  Rendered collection of templates [0 times] (0.0ms)
  Rendered newsroom/posts/index.html.erb within layouts/author (50.6ms)
  [1m[36mCategory Load (19.2ms)[0m  [1m[34mSELECT "categories".* FROM "categories"[0m
  [1m[36mCACHE Category Load (0.0ms)[0m  [1m[34mSELECT "categories".* FROM "categories"[0m
  Rendered layouts/_navbar.html.erb (42.8ms)
Completed 200 OK in 10932ms (Views: 10751.2ms | ActiveRecord: 71.4ms)


Started GET "/assets/application.self.css?body=1" for 127.0.0.1 at 2018-09-25 22:14:31 -0400
Started GET "/assets/bootstrap/util.self.js?body=1" for 127.0.0.1 at 2018-09-25 22:14:31 -0400
Started GET "/assets/bootstrap/scrollspy.self.js?body=1" for 127.0.0.1 at 2018-09-25 22:14:31 -0400
Started GET "/assets/bootstrap/collapse.self.js?body=1" for 127.0.0.1 at 2018-09-25 22:14:31 -0400
Started GET "/assets/jquery3.self.js?body=1" for 127.0.0.1 at 2018-09-25 22:14:31 -0400
Started GET "/assets/bootstrap/tooltip.self.js?body=1" for 127.0.0.1 at 2018-09-25 22:14:31 -0400
Started GET "/assets/bootstrap/popover.self.js?body=1" for 127.0.0.1 at 2018-09-25 22:14:31 -0400
Started GET "/assets/bootstrap/button.self.js?body=1" for 127.0.0.1 at 2018-09-25 22:14:31 -0400
Started GET "/assets/bootstrap/modal.self.js?body=1" for 127.0.0.1 at 2018-09-25 22:14:31 -0400
Started GET "/assets/bootstrap/dropdown.self.js?body=1" for 127.0.0.1 at 2018-09-25 22:14:31 -0400
Started GET "/assets/bootstrap/carousel.self.js?body=1" for 127.0.0.1 at 2018-09-25 22:14:31 -0400
Started GET "/assets/bootstrap-sprockets.self.js?body=1" for 127.0.0.1 at 2018-09-25 22:14:31 -0400
Started GET "/assets/bootstrap/tab.self.js?body=1" for 127.0.0.1 at 2018-09-25 22:14:31 -0400
Started GET "/assets/social-share-button.self.js?body=1" for 127.0.0.1 at 2018-09-25 22:14:31 -0400
Started GET "/assets/ckeditor/init.self.js?body=1" for 127.0.0.1 at 2018-09-25 22:14:31 -0400
Started GET "/assets/ckeditor/ckeditor.self.js?body=1" for 127.0.0.1 at 2018-09-25 22:14:31 -0400
Started GET "/assets/jquery_ujs.self.js?body=1" for 127.0.0.1 at 2018-09-25 22:14:31 -0400
Started GET "/assets/action_cable.self.js?body=1" for 127.0.0.1 at 2018-09-25 22:14:31 -0400
Started GET "/assets/turbolinks.self.js?body=1" for 127.0.0.1 at 2018-09-25 22:14:31 -0400
Started GET "/assets/articles.self.js?body=1" for 127.0.0.1 at 2018-09-25 22:14:31 -0400
Started GET "/assets/cable.self.js?body=1" for 127.0.0.1 at 2018-09-25 22:14:31 -0400
Started GET "/assets/google_analytics.self.js?body=1" for 127.0.0.1 at 2018-09-25 22:14:31 -0400
Started GET "/assets/posts.self.js?body=1" for 127.0.0.1 at 2018-09-25 22:14:31 -0400
Started GET "/assets/welcome.self.js?body=1" for 127.0.0.1 at 2018-09-25 22:14:31 -0400
Started GET "/assets/application.self.js?body=1" for 127.0.0.1 at 2018-09-25 22:14:31 -0400
Started GET "/assets/popper.self.js?body=1" for 127.0.0.1 at 2018-09-25 22:14:31 -0400
Started GET "/assets/bootstrap/alert.self.js?body=1" for 127.0.0.1 at 2018-09-25 22:14:32 -0400
  [1m[35m (0.7ms)[0m  [1m[34mSELECT "schema_migrations"."version" FROM "schema_migrations" ORDER BY "schema_migrations"."version" ASC[0m
  [1m[35m (0.4ms)[0m  [1m[34mSELECT "ar_internal_metadata"."value" FROM "ar_internal_metadata" WHERE "ar_internal_metadata"."key" = $1[0m  [["key", "environment"]]
  [1m[35m (0.2ms)[0m  [1m[34mSELECT "schema_migrations"."version" FROM "schema_migrations" ORDER BY "schema_migrations"."version" ASC[0m
  [1m[35m (0.2ms)[0m  [1m[34mSELECT "ar_internal_metadata"."value" FROM "ar_internal_metadata" WHERE "ar_internal_metadata"."key" = $1[0m  [["key", "environment"]]
  [1m[35m (0.2ms)[0m  [1m[34mSELECT "schema_migrations"."version" FROM "schema_migrations" ORDER BY "schema_migrations"."version" ASC[0m
  [1m[35m (0.2ms)[0m  [1m[34mSELECT "ar_internal_metadata"."value" FROM "ar_internal_metadata" WHERE "ar_internal_metadata"."key" = $1[0m  [["key", "environment"]]
  [1m[35mSQL (0.3ms)[0m  [1m[35mCREATE EXTENSION IF NOT EXISTS "plpgsql"[0m
  [1m[35m (20.7ms)[0m  [1m[35mDROP TABLE IF EXISTS "articles" CASCADE[0m
  [1m[35m (16.2ms)[0m  [1m[35mCREATE TABLE "articles" ("id" bigserial primary key, "title" character varying, "body" text, "created_at" timestamp NOT NULL, "updated_at" timestamp NOT NULL)[0m
  [1m[35m (3.6ms)[0m  [1m[35mDROP TABLE IF EXISTS "authors" CASCADE[0m
  [1m[35m (4.5ms)[0m  [1m[35mCREATE TABLE "authors" ("id" bigserial primary key, "name" character varying, "email" character varying DEFAULT '' NOT NULL, "encrypted_password" character varying DEFAULT '' NOT NULL, "reset_password_token" character varying, "reset_password_sent_at" timestamp, "remember_created_at" timestamp, "sign_in_count" integer DEFAULT 0 NOT NULL, "current_sign_in_at" timestamp, "last_sign_in_at" timestamp, "current_sign_in_ip" character varying, "last_sign_in_ip" character varying, "created_at" timestamp NOT NULL, "updated_at" timestamp NOT NULL, "bio" text)[0m
  [1m[35m (1.9ms)[0m  [1m[35mCREATE UNIQUE INDEX  "index_authors_on_email" ON "authors"  ("email")[0m
  [1m[35m (1.1ms)[0m  [1m[35mCREATE UNIQUE INDEX  "index_authors_on_reset_password_token" ON "authors"  ("reset_password_token")[0m
  [1m[35m (2.2ms)[0m  [1m[35mDROP TABLE IF EXISTS "categories" CASCADE[0m
  [1m[35m (20.3ms)[0m  [1m[35mCREATE TABLE "categories" ("id" bigserial primary key, "name" character varying, "created_at" timestamp NOT NULL, "updated_at" timestamp NOT NULL)[0m
  [1m[35m (2.4ms)[0m  [1m[35mDROP TABLE IF EXISTS "ckeditor_assets" CASCADE[0m
  [1m[35m (5.3ms)[0m  [1m[35mCREATE TABLE "ckeditor_assets" ("id" bigserial primary key, "data_file_name" character varying NOT NULL, "data_content_type" character varying, "data_file_size" integer, "data_fingerprint" character varying, "type" character varying(30), "width" integer, "height" integer, "created_at" timestamp NOT NULL, "updated_at" timestamp NOT NULL)[0m
  [1m[35m (1.2ms)[0m  [1m[35mCREATE  INDEX  "index_ckeditor_assets_on_type" ON "ckeditor_assets"  ("type")[0m
  [1m[35m (2.9ms)[0m  [1m[35mDROP TABLE IF EXISTS "friendly_id_slugs" CASCADE[0m
  [1m[35m (4.2ms)[0m  [1m[35mCREATE TABLE "friendly_id_slugs" ("id" bigserial primary key, "slug" character varying NOT NULL, "sluggable_id" integer NOT NULL, "sluggable_type" character varying(50), "scope" character varying, "created_at" timestamp)[0m
  [1m[35m (1.5ms)[0m  [1m[35mCREATE UNIQUE INDEX  "index_friendly_id_slugs_on_slug_and_sluggable_type_and_scope" ON "friendly_id_slugs"  ("slug", "sluggable_type", "scope")[0m
  [1m[35m (1.7ms)[0m  [1m[35mCREATE  INDEX  "index_friendly_id_slugs_on_slug_and_sluggable_type" ON "friendly_id_slugs"  ("slug", "sluggable_type")[0m
  [1m[35m (1.5ms)[0m  [1m[35mCREATE  INDEX  "index_friendly_id_slugs_on_sluggable_id" ON "friendly_id_slugs"  ("sluggable_id")[0m
  [1m[35m (1.1ms)[0m  [1m[35mCREATE  INDEX  "index_friendly_id_slugs_on_sluggable_type" ON "friendly_id_slugs"  ("sluggable_type")[0m
  [1m[35m (3.5ms)[0m  [1m[35mDROP TABLE IF EXISTS "posts" CASCADE[0m
  [1m[35m (5.1ms)[0m  [1m[35mCREATE TABLE "posts" ("id" bigserial primary key, "title" character varying, "body" text, "description" text, "slug" character varying, "created_at" timestamp NOT NULL, "updated_at" timestamp NOT NULL, "banner_image_url" character varying, "author_id" integer, "published" boolean DEFAULT 'f', "published_at" timestamp, "category_id" integer, "source" character varying, "url" character varying, "avatar" character varying, "avatars" json, "photo_file_name" character varying, "photo_content_type" character varying, "photo_file_size" bigint, "photo_updated_at" timestamp, "music_file_name" character varying, "music_content_type" character varying, "music_file_size" bigint, "music_updated_at" timestamp, "movie_file_name" character varying, "movie_content_type" character varying, "movie_file_size" bigint, "movie_updated_at" timestamp)[0m
  [1m[35m (1.5ms)[0m  [1m[35mCREATE  INDEX  "index_posts_on_author_id" ON "posts"  ("author_id")[0m
  [1m[35m (1.3ms)[0m  [1m[35mCREATE UNIQUE INDEX  "index_posts_on_slug" ON "posts"  ("slug")[0m
  [1m[35m (4.8ms)[0m  [1m[35mDROP TABLE IF EXISTS "taggings" CASCADE[0m
  [1m[35m (23.3ms)[0m  [1m[35mCREATE TABLE "taggings" ("id" bigserial primary key, "tag_id" bigint, "taggable_type" character varying, "taggable_id" bigint, "tagger_type" character varying, "tagger_id" bigint, "context" character varying(128), "created_at" timestamp)[0m
  [1m[35m (1.2ms)[0m  [1m[35mCREATE  INDEX  "index_taggings_on_context" ON "taggings"  ("context")[0m
  [1m[35m (1.7ms)[0m  [1m[35mCREATE UNIQUE INDEX  "taggings_idx" ON "taggings"  ("tag_id", "taggable_id", "taggable_type", "context", "tagger_id", "tagger_type")[0m
  [1m[35m (2.0ms)[0m  [1m[35mCREATE  INDEX  "index_taggings_on_tag_id" ON "taggings"  ("tag_id")[0m
  [1m[35m (4.3ms)[0m  [1m[35mCREATE  INDEX  "index_taggings_on_taggable_id_and_taggable_type_and_context" ON "taggings"  ("taggable_id", "taggable_type", "context")[0m
  [1m[35m (19.3ms)[0m  [1m[35mCREATE  INDEX  "taggings_idy" ON "taggings"  ("taggable_id", "taggable_type", "tagger_id", "context")[0m
  [1m[35m (1.9ms)[0m  [1m[35mCREATE  INDEX  "index_taggings_on_taggable_id" ON "taggings"  ("taggable_id")[0m
  [1m[35m (1.6ms)[0m  [1m[35mCREATE  INDEX  "index_taggings_on_taggable_type_and_taggable_id" ON "taggings"  ("taggable_type", "taggable_id")[0m
  [1m[35m (1.6ms)[0m  [1m[35mCREATE  INDEX  "index_taggings_on_taggable_type" ON "taggings"  ("taggable_type")[0m
  [1m[35m (1.4ms)[0m  [1m[35mCREATE  INDEX  "index_taggings_on_tagger_id_and_tagger_type" ON "taggings"  ("tagger_id", "tagger_type")[0m
  [1m[35m (1.4ms)[0m  [1m[35mCREATE  INDEX  "index_taggings_on_tagger_id" ON "taggings"  ("tagger_id")[0m
  [1m[35m (1.7ms)[0m  [1m[35mCREATE  INDEX  "index_taggings_on_tagger_type_and_tagger_id" ON "taggings"  ("tagger_type", "tagger_id")[0m
  [1m[35m (17.0ms)[0m  [1m[35mDROP TABLE IF EXISTS "tags" CASCADE[0m
  [1m[35m (21.6ms)[0m  [1m[35mCREATE TABLE "tags" ("id" bigserial primary key, "name" character varying, "taggings_count" integer DEFAULT 0)[0m
  [1m[35m (18.0ms)[0m  [1m[35mCREATE UNIQUE INDEX  "index_tags_on_name" ON "tags"  ("name")[0m
  [1m[35m (0.8ms)[0m  [1m[34mSELECT "schema_migrations"."version" FROM "schema_migrations" ORDER BY "schema_migrations"."version" ASC[0m
  [1m[36mActiveRecord::InternalMetadata Load (0.4ms)[0m  [1m[34mSELECT  "ar_internal_metadata".* FROM "ar_internal_metadata" WHERE "ar_internal_metadata"."key" = $1 LIMIT $2[0m  [["key", "environment"], ["LIMIT", 1]]
  [1m[35m (0.2ms)[0m  [1m[35mBEGIN[0m
  [1m[35m (0.1ms)[0m  [1m[35mCOMMIT[0m
  [1m[36mActiveRecord::InternalMetadata Load (0.2ms)[0m  [1m[34mSELECT  "ar_internal_metadata".* FROM "ar_internal_metadata" WHERE "ar_internal_metadata"."key" = $1 LIMIT $2[0m  [["key", "environment"], ["LIMIT", 1]]
  [1m[35m (0.1ms)[0m  [1m[35mBEGIN[0m
  [1m[35m (0.1ms)[0m  [1m[35mCOMMIT[0m
  [1m[35m (0.8ms)[0m  [1m[34mSELECT "schema_migrations"."version" FROM "schema_migrations" ORDER BY "schema_migrations"."version" ASC[0m
  [1m[35m (0.2ms)[0m  [1m[34mSELECT pg_try_advisory_lock(893658557556301530)[0m
  [1m[35m (0.8ms)[0m  [1m[34mSELECT "schema_migrations"."version" FROM "schema_migrations" ORDER BY "schema_migrations"."version" ASC[0m
  [1m[36mActiveRecord::InternalMetadata Load (0.4ms)[0m  [1m[34mSELECT  "ar_internal_metadata".* FROM "ar_internal_metadata" WHERE "ar_internal_metadata"."key" = $1 LIMIT $2[0m  [["key", "environment"], ["LIMIT", 1]]
  [1m[35m (0.1ms)[0m  [1m[35mBEGIN[0m
  [1m[35m (0.1ms)[0m  [1m[35mCOMMIT[0m
  [1m[35m (0.2ms)[0m  [1m[34mSELECT pg_advisory_unlock(893658557556301530)[0m
  [1m[35m (0.3ms)[0m  [1m[34mSELECT "schema_migrations"."version" FROM "schema_migrations" ORDER BY "schema_migrations"."version" ASC[0m
  [1m[35m (0.2ms)[0m  [1m[34mSELECT pg_try_advisory_lock(893658557556301530)[0m
  [1m[35m (0.7ms)[0m  [1m[34mSELECT "schema_migrations"."version" FROM "schema_migrations" ORDER BY "schema_migrations"."version" ASC[0m
  [1m[36mActiveRecord::InternalMetadata Load (0.4ms)[0m  [1m[34mSELECT  "ar_internal_metadata".* FROM "ar_internal_metadata" WHERE "ar_internal_metadata"."key" = $1 LIMIT $2[0m  [["key", "environment"], ["LIMIT", 1]]
  [1m[35m (0.2ms)[0m  [1m[35mBEGIN[0m
  [1m[35m (0.2ms)[0m  [1m[35mCOMMIT[0m
  [1m[35m (0.3ms)[0m  [1m[34mSELECT pg_advisory_unlock(893658557556301530)[0m
  [1m[35m (0.2ms)[0m  [1m[34mSELECT "schema_migrations"."version" FROM "schema_migrations" ORDER BY "schema_migrations"."version" ASC[0m
Started GET "/" for 127.0.0.1 at 2018-09-26 11:29:05 -0400
  
ActiveRecord::NoDatabaseError (FATAL:  database "hadhratabassiya" does not exist
):
  
activerecord (5.1.6) lib/active_record/connection_adapters/postgresql_adapter.rb:701:in `rescue in connect'
activerecord (5.1.6) lib/active_record/connection_adapters/postgresql_adapter.rb:696:in `connect'
activerecord (5.1.6) lib/active_record/connection_adapters/postgresql_adapter.rb:221:in `initialize'
activerecord (5.1.6) lib/active_record/connection_adapters/postgresql_adapter.rb:38:in `new'
activerecord (5.1.6) lib/active_record/connection_adapters/postgresql_adapter.rb:38:in `postgresql_connection'
activerecord (5.1.6) lib/active_record/connection_adapters/abstract/connection_pool.rb:759:in `new_connection'
activerecord (5.1.6) lib/active_record/connection_adapters/abstract/connection_pool.rb:803:in `checkout_new_connection'
activerecord (5.1.6) lib/active_record/connection_adapters/abstract/connection_pool.rb:782:in `try_to_checkout_new_connection'
activerecord (5.1.6) lib/active_record/connection_adapters/abstract/connection_pool.rb:743:in `acquire_connection'
activerecord (5.1.6) lib/active_record/connection_adapters/abstract/connection_pool.rb:500:in `checkout'
activerecord (5.1.6) lib/active_record/connection_adapters/abstract/connection_pool.rb:374:in `connection'
activerecord (5.1.6) lib/active_record/connection_adapters/abstract/connection_pool.rb:931:in `retrieve_connection'
activerecord (5.1.6) lib/active_record/connection_handling.rb:116:in `retrieve_connection'
activerecord (5.1.6) lib/active_record/connection_handling.rb:88:in `connection'
activerecord (5.1.6) lib/active_record/migration.rb:562:in `connection'
activerecord (5.1.6) lib/active_record/migration.rb:553:in `call'
actionpack (5.1.6) lib/action_dispatch/middleware/callbacks.rb:26:in `block in call'
activesupport (5.1.6) lib/active_support/callbacks.rb:97:in `run_callbacks'
actionpack (5.1.6) lib/action_dispatch/middleware/callbacks.rb:24:in `call'
actionpack (5.1.6) lib/action_dispatch/middleware/executor.rb:12:in `call'
actionpack (5.1.6) lib/action_dispatch/middleware/debug_exceptions.rb:59:in `call'
web-console (3.7.0) lib/web_console/middleware.rb:135:in `call_app'
web-console (3.7.0) lib/web_console/middleware.rb:30:in `block in call'
web-console (3.7.0) lib/web_console/middleware.rb:20:in `catch'
web-console (3.7.0) lib/web_console/middleware.rb:20:in `call'
actionpack (5.1.6) lib/action_dispatch/middleware/show_exceptions.rb:31:in `call'
railties (5.1.6) lib/rails/rack/logger.rb:36:in `call_app'
railties (5.1.6) lib/rails/rack/logger.rb:24:in `block in call'
activesupport (5.1.6) lib/active_support/tagged_logging.rb:69:in `block in tagged'
activesupport (5.1.6) lib/active_support/tagged_logging.rb:26:in `tagged'
activesupport (5.1.6) lib/active_support/tagged_logging.rb:69:in `tagged'
railties (5.1.6) lib/rails/rack/logger.rb:24:in `call'
actionpack (5.1.6) lib/action_dispatch/middleware/remote_ip.rb:79:in `call'
actionpack (5.1.6) lib/action_dispatch/middleware/request_id.rb:25:in `call'
rack (2.0.5) lib/rack/method_override.rb:22:in `call'
rack (2.0.5) lib/rack/runtime.rb:22:in `call'
activesupport (5.1.6) lib/active_support/cache/strategy/local_cache_middleware.rb:27:in `call'
actionpack (5.1.6) lib/action_dispatch/middleware/executor.rb:12:in `call'
actionpack (5.1.6) lib/action_dispatch/middleware/static.rb:125:in `call'
rack (2.0.5) lib/rack/sendfile.rb:111:in `call'
railties (5.1.6) lib/rails/engine.rb:522:in `call'
puma (3.12.0) lib/puma/configuration.rb:225:in `call'
puma (3.12.0) lib/puma/server.rb:658:in `handle_request'
puma (3.12.0) lib/puma/server.rb:472:in `process_client'
puma (3.12.0) lib/puma/server.rb:332:in `block in run'
puma (3.12.0) lib/puma/thread_pool.rb:133:in `block in spawn_thread'
  [1m[35mSQL (0.4ms)[0m  [1m[35mCREATE EXTENSION IF NOT EXISTS "plpgsql"[0m
  [1m[35m (0.4ms)[0m  [1m[35mDROP TABLE IF EXISTS "articles" CASCADE[0m
  [1m[35m (24.6ms)[0m  [1m[35mCREATE TABLE "articles" ("id" bigserial primary key, "title" character varying, "body" text, "created_at" timestamp NOT NULL, "updated_at" timestamp NOT NULL)[0m
  [1m[35m (0.3ms)[0m  [1m[35mDROP TABLE IF EXISTS "authors" CASCADE[0m
  [1m[35m (5.8ms)[0m  [1m[35mCREATE TABLE "authors" ("id" bigserial primary key, "name" character varying, "email" character varying DEFAULT '' NOT NULL, "encrypted_password" character varying DEFAULT '' NOT NULL, "reset_password_token" character varying, "reset_password_sent_at" timestamp, "remember_created_at" timestamp, "sign_in_count" integer DEFAULT 0 NOT NULL, "current_sign_in_at" timestamp, "last_sign_in_at" timestamp, "current_sign_in_ip" character varying, "last_sign_in_ip" character varying, "created_at" timestamp NOT NULL, "updated_at" timestamp NOT NULL, "bio" text)[0m
  [1m[35m (1.7ms)[0m  [1m[35mCREATE UNIQUE INDEX  "index_authors_on_email" ON "authors"  ("email")[0m
  [1m[35m (1.4ms)[0m  [1m[35mCREATE UNIQUE INDEX  "index_authors_on_reset_password_token" ON "authors"  ("reset_password_token")[0m
  [1m[35m (0.1ms)[0m  [1m[35mDROP TABLE IF EXISTS "categories" CASCADE[0m
  [1m[35m (3.7ms)[0m  [1m[35mCREATE TABLE "categories" ("id" bigserial primary key, "name" character varying, "created_at" timestamp NOT NULL, "updated_at" timestamp NOT NULL)[0m
  [1m[35m (0.2ms)[0m  [1m[35mDROP TABLE IF EXISTS "ckeditor_assets" CASCADE[0m
  [1m[35m (3.9ms)[0m  [1m[35mCREATE TABLE "ckeditor_assets" ("id" bigserial primary key, "data_file_name" character varying NOT NULL, "data_content_type" character varying, "data_file_size" integer, "data_fingerprint" character varying, "type" character varying(30), "width" integer, "height" integer, "created_at" timestamp NOT NULL, "updated_at" timestamp NOT NULL)[0m
  [1m[35m (1.1ms)[0m  [1m[35mCREATE  INDEX  "index_ckeditor_assets_on_type" ON "ckeditor_assets"  ("type")[0m
  [1m[35m (0.1ms)[0m  [1m[35mDROP TABLE IF EXISTS "friendly_id_slugs" CASCADE[0m
  [1m[35m (4.3ms)[0m  [1m[35mCREATE TABLE "friendly_id_slugs" ("id" bigserial primary key, "slug" character varying NOT NULL, "sluggable_id" integer NOT NULL, "sluggable_type" character varying(50), "scope" character varying, "created_at" timestamp)[0m
  [1m[35m (1.7ms)[0m  [1m[35mCREATE UNIQUE INDEX  "index_friendly_id_slugs_on_slug_and_sluggable_type_and_scope" ON "friendly_id_slugs"  ("slug", "sluggable_type", "scope")[0m
  [1m[35m (2.9ms)[0m  [1m[35mCREATE  INDEX  "index_friendly_id_slugs_on_slug_and_sluggable_type" ON "friendly_id_slugs"  ("slug", "sluggable_type")[0m
  [1m[35m (2.0ms)[0m  [1m[35mCREATE  INDEX  "index_friendly_id_slugs_on_sluggable_id" ON "friendly_id_slugs"  ("sluggable_id")[0m
  [1m[35m (1.4ms)[0m  [1m[35mCREATE  INDEX  "index_friendly_id_slugs_on_sluggable_type" ON "friendly_id_slugs"  ("sluggable_type")[0m
  [1m[35m (0.1ms)[0m  [1m[35mDROP TABLE IF EXISTS "posts" CASCADE[0m
  [1m[35m (4.6ms)[0m  [1m[35mCREATE TABLE "posts" ("id" bigserial primary key, "title" character varying, "body" text, "description" text, "slug" character varying, "created_at" timestamp NOT NULL, "updated_at" timestamp NOT NULL, "banner_image_url" character varying, "author_id" integer, "published" boolean DEFAULT 'f', "published_at" timestamp, "category_id" integer, "source" character varying, "url" character varying, "avatar" character varying, "avatars" json, "photo_file_name" character varying, "photo_content_type" character varying, "photo_file_size" bigint, "photo_updated_at" timestamp, "music_file_name" character varying, "music_content_type" character varying, "music_file_size" bigint, "music_updated_at" timestamp, "movie_file_name" character varying, "movie_content_type" character varying, "movie_file_size" bigint, "movie_updated_at" timestamp)[0m
  [1m[35m (1.2ms)[0m  [1m[35mCREATE  INDEX  "index_posts_on_author_id" ON "posts"  ("author_id")[0m
  [1m[35m (1.1ms)[0m  [1m[35mCREATE UNIQUE INDEX  "index_posts_on_slug" ON "posts"  ("slug")[0m
  [1m[35m (0.2ms)[0m  [1m[35mDROP TABLE IF EXISTS "taggings" CASCADE[0m
  [1m[35m (4.2ms)[0m  [1m[35mCREATE TABLE "taggings" ("id" bigserial primary key, "tag_id" bigint, "taggable_type" character varying, "taggable_id" bigint, "tagger_type" character varying, "tagger_id" bigint, "context" character varying(128), "created_at" timestamp)[0m
  [1m[35m (1.7ms)[0m  [1m[35mCREATE  INDEX  "index_taggings_on_context" ON "taggings"  ("context")[0m
  [1m[35m (1.9ms)[0m  [1m[35mCREATE UNIQUE INDEX  "taggings_idx" ON "taggings"  ("tag_id", "taggable_id", "taggable_type", "context", "tagger_id", "tagger_type")[0m
  [1m[35m (1.5ms)[0m  [1m[35mCREATE  INDEX  "index_taggings_on_tag_id" ON "taggings"  ("tag_id")[0m
  [1m[35m (1.6ms)[0m  [1m[35mCREATE  INDEX  "index_taggings_on_taggable_id_and_taggable_type_and_context" ON "taggings"  ("taggable_id", "taggable_type", "context")[0m
  [1m[35m (2.6ms)[0m  [1m[35mCREATE  INDEX  "taggings_idy" ON "taggings"  ("taggable_id", "taggable_type", "tagger_id", "context")[0m
  [1m[35m (1.5ms)[0m  [1m[35mCREATE  INDEX  "index_taggings_on_taggable_id" ON "taggings"  ("taggable_id")[0m
  [1m[35m (1.2ms)[0m  [1m[35mCREATE  INDEX  "index_taggings_on_taggable_type_and_taggable_id" ON "taggings"  ("taggable_type", "taggable_id")[0m
  [1m[35m (1.1ms)[0m  [1m[35mCREATE  INDEX  "index_taggings_on_taggable_type" ON "taggings"  ("taggable_type")[0m
  [1m[35m (1.2ms)[0m  [1m[35mCREATE  INDEX  "index_taggings_on_tagger_id_and_tagger_type" ON "taggings"  ("tagger_id", "tagger_type")[0m
  [1m[35m (1.3ms)[0m  [1m[35mCREATE  INDEX  "index_taggings_on_tagger_id" ON "taggings"  ("tagger_id")[0m
  [1m[35m (1.4ms)[0m  [1m[35mCREATE  INDEX  "index_taggings_on_tagger_type_and_tagger_id" ON "taggings"  ("tagger_type", "tagger_id")[0m
  [1m[35m (0.2ms)[0m  [1m[35mDROP TABLE IF EXISTS "tags" CASCADE[0m
  [1m[35m (5.2ms)[0m  [1m[35mCREATE TABLE "tags" ("id" bigserial primary key, "name" character varying, "taggings_count" integer DEFAULT 0)[0m
  [1m[35m (1.2ms)[0m  [1m[35mCREATE UNIQUE INDEX  "index_tags_on_name" ON "tags"  ("name")[0m
  [1m[35m (3.3ms)[0m  [1m[35mCREATE TABLE "schema_migrations" ("version" character varying NOT NULL PRIMARY KEY)[0m
  [1m[35m (0.9ms)[0m  [1m[34mSELECT "schema_migrations"."version" FROM "schema_migrations" ORDER BY "schema_migrations"."version" ASC[0m
  [1m[35m (16.0ms)[0m  [1m[32mINSERT INTO "schema_migrations" (version) VALUES (20180910190215)[0m
  [1m[35m (1.0ms)[0m  [1m[32mINSERT INTO "schema_migrations" (version) VALUES
(20171107224858),
(20171107225231),
(20171108152220),
(20171109031036),
(20171109234259),
(20171109234706),
(20171112184929),
(20171113205729),
(20171113205730),
(20171113205731),
(20171113205732),
(20171113205733),
(20171113205734),
(20171115224258),
(20171117193045),
(20171117193228),
(20171119203359),
(20171120185338),
(20180902182439),
(20180909192351),
(20180909192902);

[0m
  [1m[35m (33.9ms)[0m  [1m[35mCREATE TABLE "ar_internal_metadata" ("key" character varying NOT NULL PRIMARY KEY, "value" character varying, "created_at" timestamp NOT NULL, "updated_at" timestamp NOT NULL)[0m
  [1m[36mActiveRecord::InternalMetadata Load (0.4ms)[0m  [1m[34mSELECT  "ar_internal_metadata".* FROM "ar_internal_metadata" WHERE "ar_internal_metadata"."key" = $1 LIMIT $2[0m  [["key", "environment"], ["LIMIT", 1]]
  [1m[35m (0.2ms)[0m  [1m[35mBEGIN[0m
  [1m[35mSQL (0.6ms)[0m  [1m[32mINSERT INTO "ar_internal_metadata" ("key", "value", "created_at", "updated_at") VALUES ($1, $2, $3, $4) RETURNING "key"[0m  [["key", "environment"], ["value", "development"], ["created_at", "2018-09-26 15:45:19.708940"], ["updated_at", "2018-09-26 15:45:19.708940"]]
  [1m[35m (0.5ms)[0m  [1m[35mCOMMIT[0m
  [1m[36mActiveRecord::InternalMetadata Load (0.2ms)[0m  [1m[34mSELECT  "ar_internal_metadata".* FROM "ar_internal_metadata" WHERE "ar_internal_metadata"."key" = $1 LIMIT $2[0m  [["key", "environment"], ["LIMIT", 1]]
  [1m[35m (0.1ms)[0m  [1m[35mBEGIN[0m
  [1m[35m (0.1ms)[0m  [1m[35mCOMMIT[0m
  [1m[35m (0.8ms)[0m  [1m[34mSELECT "schema_migrations"."version" FROM "schema_migrations" ORDER BY "schema_migrations"."version" ASC[0m
Started GET "/" for 127.0.0.1 at 2018-09-26 11:46:50 -0400
  [1m[35m (0.7ms)[0m  [1m[34mSELECT "schema_migrations"."version" FROM "schema_migrations" ORDER BY "schema_migrations"."version" ASC[0m
Processing by Newsroom::PostsController#index as HTML
DEPRECATION WARNING: Passing a class to the `class_name` is deprecated and will raise an ArgumentError in Rails 5.2. It eagerloads more classes than necessary and potentially creates circular dependencies. Please pass the class name as a string: `has_many :tag_taggings, class_name: 'ActsAsTaggableOn::Tagging'` (called from <class:Post> at /Users/rochelleblowe/Hadhrat-Abassiya/app/models/post.rb:19)
DEPRECATION WARNING: Passing a class to the `class_name` is deprecated and will raise an ArgumentError in Rails 5.2. It eagerloads more classes than necessary and potentially creates circular dependencies. Please pass the class name as a string: `has_many :tags, class_name: 'ActsAsTaggableOn::Tag'` (called from <class:Post> at /Users/rochelleblowe/Hadhrat-Abassiya/app/models/post.rb:19)
  Rendering newsroom/posts/index.html.erb within layouts/author
  [1m[36mPost Load (1.4ms)[0m  [1m[34mSELECT  "posts".* FROM "posts" WHERE "posts"."published" = $1 ORDER BY "posts"."published_at" DESC LIMIT $2 OFFSET $3[0m  [["published", "t"], ["LIMIT", 10], ["OFFSET", 0]]
  Rendered collection of templates [0 times] (0.0ms)
  Rendered newsroom/posts/index.html.erb within layouts/author (4.4ms)
  [1m[36mCategory Load (0.8ms)[0m  [1m[34mSELECT "categories".* FROM "categories"[0m
  [1m[36mCACHE Category Load (0.0ms)[0m  [1m[34mSELECT "categories".* FROM "categories"[0m
  Rendered layouts/_navbar.html.erb (36.7ms)
Completed 200 OK in 920ms (Views: 814.5ms | ActiveRecord: 7.3ms)


Started GET "/assets/bootstrap/scrollspy.self.js?body=1" for 127.0.0.1 at 2018-09-26 11:46:51 -0400
Started GET "/assets/bootstrap/popover.self.js?body=1" for 127.0.0.1 at 2018-09-26 11:46:51 -0400
Started GET "/assets/bootstrap/collapse.self.js?body=1" for 127.0.0.1 at 2018-09-26 11:46:51 -0400
Started GET "/assets/bootstrap/dropdown.self.js?body=1" for 127.0.0.1 at 2018-09-26 11:46:51 -0400
Started GET "/assets/bootstrap/modal.self.js?body=1" for 127.0.0.1 at 2018-09-26 11:46:51 -0400
Started GET "/assets/bootstrap/tab.self.js?body=1" for 127.0.0.1 at 2018-09-26 11:46:51 -0400
Started GET "/assets/application.self.css?body=1" for 127.0.0.1 at 2018-09-26 11:46:51 -0400
Started GET "/assets/bootstrap-sprockets.self.js?body=1" for 127.0.0.1 at 2018-09-26 11:46:51 -0400
Started GET "/assets/ckeditor/init.self.js?body=1" for 127.0.0.1 at 2018-09-26 11:46:51 -0400
Started GET "/assets/social-share-button.self.js?body=1" for 127.0.0.1 at 2018-09-26 11:46:51 -0400
Started GET "/assets/ckeditor/ckeditor.self.js?body=1" for 127.0.0.1 at 2018-09-26 11:46:51 -0400
Started GET "/assets/bootstrap/alert.self.js?body=1" for 127.0.0.1 at 2018-09-26 11:46:51 -0400
Started GET "/assets/jquery_ujs.self.js?body=1" for 127.0.0.1 at 2018-09-26 11:46:51 -0400
Started GET "/assets/turbolinks.self.js?body=1" for 127.0.0.1 at 2018-09-26 11:46:51 -0400
Started GET "/assets/articles.self.js?body=1" for 127.0.0.1 at 2018-09-26 11:46:51 -0400
Started GET "/assets/action_cable.self.js?body=1" for 127.0.0.1 at 2018-09-26 11:46:51 -0400
Started GET "/assets/cable.self.js?body=1" for 127.0.0.1 at 2018-09-26 11:46:51 -0400
Started GET "/assets/bootstrap/tooltip.self.js?body=1" for 127.0.0.1 at 2018-09-26 11:46:51 -0400
Started GET "/assets/popper.self.js?body=1" for 127.0.0.1 at 2018-09-26 11:46:51 -0400
Started GET "/assets/posts.self.js?body=1" for 127.0.0.1 at 2018-09-26 11:46:51 -0400
Started GET "/assets/application.self.js?body=1" for 127.0.0.1 at 2018-09-26 11:46:51 -0400
Started GET "/assets/welcome.self.js?body=1" for 127.0.0.1 at 2018-09-26 11:46:52 -0400
Started GET "/assets/jquery3.self.js?body=1" for 127.0.0.1 at 2018-09-26 11:46:52 -0400
Started GET "/assets/google_analytics.self.js?body=1" for 127.0.0.1 at 2018-09-26 11:46:52 -0400
Started GET "/assets/bootstrap/button.self.js?body=1" for 127.0.0.1 at 2018-09-26 11:46:52 -0400
Started GET "/assets/bootstrap/util.self.js?body=1" for 127.0.0.1 at 2018-09-26 11:46:52 -0400
Started GET "/assets/bootstrap/carousel.self.js?body=1" for 127.0.0.1 at 2018-09-26 11:46:52 -0400
Started GET "/" for 127.0.0.1 at 2018-09-26 22:09:58 -0400
  [1m[35m (0.7ms)[0m  [1m[34mSELECT "schema_migrations"."version" FROM "schema_migrations" ORDER BY "schema_migrations"."version" ASC[0m
Processing by Newsroom::PostsController#index as HTML
DEPRECATION WARNING: Passing a class to the `class_name` is deprecated and will raise an ArgumentError in Rails 5.2. It eagerloads more classes than necessary and potentially creates circular dependencies. Please pass the class name as a string: `has_many :tag_taggings, class_name: 'ActsAsTaggableOn::Tagging'` (called from <class:Post> at /Users/rochelleblowe/Hadhrat-Abassiya/app/models/post.rb:19)
DEPRECATION WARNING: Passing a class to the `class_name` is deprecated and will raise an ArgumentError in Rails 5.2. It eagerloads more classes than necessary and potentially creates circular dependencies. Please pass the class name as a string: `has_many :tags, class_name: 'ActsAsTaggableOn::Tag'` (called from <class:Post> at /Users/rochelleblowe/Hadhrat-Abassiya/app/models/post.rb:19)
  Rendering newsroom/posts/index.html.erb within layouts/author
  [1m[36mPost Load (3.9ms)[0m  [1m[34mSELECT  "posts".* FROM "posts" WHERE "posts"."published" = $1 ORDER BY "posts"."published_at" DESC LIMIT $2 OFFSET $3[0m  [["published", "t"], ["LIMIT", 10], ["OFFSET", 0]]
  Rendered collection of templates [0 times] (0.0ms)
  Rendered newsroom/posts/index.html.erb within layouts/author (7.9ms)
  [1m[36mCategory Load (0.7ms)[0m  [1m[34mSELECT "categories".* FROM "categories"[0m
  [1m[36mCACHE Category Load (0.0ms)[0m  [1m[34mSELECT "categories".* FROM "categories"[0m
  Rendered layouts/_navbar.html.erb (26.8ms)
Completed 200 OK in 965ms (Views: 855.1ms | ActiveRecord: 20.2ms)


Started GET "/assets/jquery3.self.js?body=1" for 127.0.0.1 at 2018-09-26 22:09:59 -0400
Started GET "/assets/bootstrap/alert.self.js?body=1" for 127.0.0.1 at 2018-09-26 22:09:59 -0400
Started GET "/assets/popper.self.js?body=1" for 127.0.0.1 at 2018-09-26 22:09:59 -0400
Started GET "/assets/bootstrap/util.self.js?body=1" for 127.0.0.1 at 2018-09-26 22:09:59 -0400
Started GET "/assets/bootstrap/scrollspy.self.js?body=1" for 127.0.0.1 at 2018-09-26 22:09:59 -0400
Started GET "/assets/application.self.css?body=1" for 127.0.0.1 at 2018-09-26 22:09:59 -0400
Started GET "/assets/bootstrap/tooltip.self.js?body=1" for 127.0.0.1 at 2018-09-26 22:09:59 -0400
Started GET "/assets/bootstrap/popover.self.js?body=1" for 127.0.0.1 at 2018-09-26 22:09:59 -0400
Started GET "/assets/bootstrap/button.self.js?body=1" for 127.0.0.1 at 2018-09-26 22:09:59 -0400
Started GET "/assets/bootstrap/carousel.self.js?body=1" for 127.0.0.1 at 2018-09-26 22:10:00 -0400
Started GET "/assets/bootstrap/modal.self.js?body=1" for 127.0.0.1 at 2018-09-26 22:10:00 -0400
Started GET "/assets/bootstrap-sprockets.self.js?body=1" for 127.0.0.1 at 2018-09-26 22:10:00 -0400
Started GET "/assets/social-share-button.self.js?body=1" for 127.0.0.1 at 2018-09-26 22:10:00 -0400
Started GET "/assets/bootstrap/dropdown.self.js?body=1" for 127.0.0.1 at 2018-09-26 22:10:00 -0400
Started GET "/assets/bootstrap/tab.self.js?body=1" for 127.0.0.1 at 2018-09-26 22:10:00 -0400
Started GET "/assets/ckeditor/ckeditor.self.js?body=1" for 127.0.0.1 at 2018-09-26 22:10:00 -0400
Started GET "/assets/jquery_ujs.self.js?body=1" for 127.0.0.1 at 2018-09-26 22:10:00 -0400
Started GET "/assets/articles.self.js?body=1" for 127.0.0.1 at 2018-09-26 22:10:00 -0400
Started GET "/assets/turbolinks.self.js?body=1" for 127.0.0.1 at 2018-09-26 22:10:00 -0400
Started GET "/assets/ckeditor/init.self.js?body=1" for 127.0.0.1 at 2018-09-26 22:10:00 -0400
Started GET "/assets/cable.self.js?body=1" for 127.0.0.1 at 2018-09-26 22:10:00 -0400
Started GET "/assets/google_analytics.self.js?body=1" for 127.0.0.1 at 2018-09-26 22:10:00 -0400
Started GET "/assets/action_cable.self.js?body=1" for 127.0.0.1 at 2018-09-26 22:10:00 -0400
Started GET "/assets/posts.self.js?body=1" for 127.0.0.1 at 2018-09-26 22:10:00 -0400
Started GET "/assets/welcome.self.js?body=1" for 127.0.0.1 at 2018-09-26 22:10:00 -0400
Started GET "/assets/application.self.js?body=1" for 127.0.0.1 at 2018-09-26 22:10:00 -0400
Started GET "/assets/bootstrap/collapse.self.js?body=1" for 127.0.0.1 at 2018-09-26 22:10:00 -0400
